/scratch/ermia/venvs/hf_env/lib/python3.11/site-packages/transformers/utils/hub.py:110: FutureWarning: Using `TRANSFORMERS_CACHE` is deprecated and will be removed in v5 of Transformers. Use `HF_HOME` instead.
  warnings.warn(
2025-12-24 07:52:06.543214: I tensorflow/core/util/port.cc:153] oneDNN custom operations are on. You may see slightly different numerical results due to floating-point round-off errors from different computation orders. To turn them off, set the environment variable `TF_ENABLE_ONEDNN_OPTS=0`.
2025-12-24 07:52:06.948015: E external/local_xla/xla/stream_executor/cuda/cuda_fft.cc:467] Unable to register cuFFT factory: Attempting to register factory for plugin cuFFT when one has already been registered
WARNING: All log messages before absl::InitializeLog() is called are written to STDERR
E0000 00:00:1766591527.053901  101208 cuda_dnn.cc:8579] Unable to register cuDNN factory: Attempting to register factory for plugin cuDNN when one has already been registered
E0000 00:00:1766591527.098076  101208 cuda_blas.cc:1407] Unable to register cuBLAS factory: Attempting to register factory for plugin cuBLAS when one has already been registered
W0000 00:00:1766591527.343722  101208 computation_placer.cc:177] computation placer already registered. Please check linkage and avoid linking the same target more than once.
W0000 00:00:1766591527.343789  101208 computation_placer.cc:177] computation placer already registered. Please check linkage and avoid linking the same target more than once.
W0000 00:00:1766591527.343800  101208 computation_placer.cc:177] computation placer already registered. Please check linkage and avoid linking the same target more than once.
W0000 00:00:1766591527.343810  101208 computation_placer.cc:177] computation placer already registered. Please check linkage and avoid linking the same target more than once.
2025-12-24 07:52:07.374428: I tensorflow/core/platform/cpu_feature_guard.cc:210] This TensorFlow binary is optimized to use available CPU instructions in performance-critical operations.
To enable the following instructions: AVX2 AVX512F AVX512_VNNI AVX512_BF16 FMA, in other operations, rebuild TensorFlow with the appropriate compiler flags.
usage: train_sft.py [-h] --model_name_or_path MODEL_NAME_OR_PATH [--use_4bit]
                    [--use_8bit] --dataset_name DATASET_NAME
                    [--dataset_config DATASET_CONFIG]
                    [--dataset_split DATASET_SPLIT]
                    [--max_samples MAX_SAMPLES] [--test_size TEST_SIZE]
                    [--lora_r LORA_R] [--lora_alpha LORA_ALPHA]
                    [--lora_dropout LORA_DROPOUT]
                    [--target_modules TARGET_MODULES [TARGET_MODULES ...]]
                    --output_dir OUTPUT_DIR
                    [--num_train_epochs NUM_TRAIN_EPOCHS]
                    [--max_steps MAX_STEPS]
                    [--per_device_train_batch_size PER_DEVICE_TRAIN_BATCH_SIZE]
                    [--per_device_eval_batch_size PER_DEVICE_EVAL_BATCH_SIZE]
                    [--gradient_accumulation_steps GRADIENT_ACCUMULATION_STEPS]
                    [--learning_rate LEARNING_RATE]
                    [--weight_decay WEIGHT_DECAY]
                    [--warmup_ratio WARMUP_RATIO] [--max_length MAX_LENGTH]
                    [--eval_strategy {no,steps,epoch}]
                    [--eval_steps EVAL_STEPS]
                    [--save_strategy {no,steps,epoch}]
                    [--save_steps SAVE_STEPS]
                    [--save_total_limit SAVE_TOTAL_LIMIT] [--push_to_hub]
                    [--hub_model_id HUB_MODEL_ID]
                    [--hub_strategy {end,every_save,checkpoint,all_checkpoints}]
                    [--logging_steps LOGGING_STEPS] [--report_to REPORT_TO]
                    [--run_name RUN_NAME] [--project PROJECT]
                    [--trackio_space_id TRACKIO_SPACE_ID] [--bf16] [--fp16]
                    [--gradient_checkpointing] [--optim OPTIM]
train_sft.py: error: unrecognized arguments: --max_seq_length 2048
